  player.cpp
  main.cpp
  levelLoader.cpp
  invader.cpp
  Game.cpp
c:\users\c00217112\desktop\dylancurranross-miniproject\miniproject1dylancurran\miniproject1dylancurran\game.cpp(17): warning C4244: 'argument': conversion from 'int' to 'float', possible loss of data
  blocks.cpp
c:\users\c00217112\desktop\dylancurranross-miniproject\miniproject1dylancurran\miniproject1dylancurran\blocks.cpp(20): warning C4244: 'argument': conversion from 'int' to 'float', possible loss of data
  ball.cpp
  Generating Code...
libyaml-cppmdd.lib(directives.obj) : warning LNK4099: PDB 'yaml-cpp static md.pdb' was not found with 'libyaml-cppmdd.lib(directives.obj)' or at 'C:\Users\C00217112\Desktop\DylanCurranRoss-MiniProject\miniProject1DylanCurran\Debug\yaml-cpp static md.pdb'; linking object as if no debug info
libyaml-cppmdd.lib(exp.obj) : warning LNK4099: PDB 'yaml-cpp static md.pdb' was not found with 'libyaml-cppmdd.lib(exp.obj)' or at 'C:\Users\C00217112\Desktop\DylanCurranRoss-MiniProject\miniProject1DylanCurran\Debug\yaml-cpp static md.pdb'; linking object as if no debug info
libyaml-cppmdd.lib(memory.obj) : warning LNK4099: PDB 'yaml-cpp static md.pdb' was not found with 'libyaml-cppmdd.lib(memory.obj)' or at 'C:\Users\C00217112\Desktop\DylanCurranRoss-MiniProject\miniProject1DylanCurran\Debug\yaml-cpp static md.pdb'; linking object as if no debug info
libyaml-cppmdd.lib(nodebuilder.obj) : warning LNK4099: PDB 'yaml-cpp static md.pdb' was not found with 'libyaml-cppmdd.lib(nodebuilder.obj)' or at 'C:\Users\C00217112\Desktop\DylanCurranRoss-MiniProject\miniProject1DylanCurran\Debug\yaml-cpp static md.pdb'; linking object as if no debug info
libyaml-cppmdd.lib(node_data.obj) : warning LNK4099: PDB 'yaml-cpp static md.pdb' was not found with 'libyaml-cppmdd.lib(node_data.obj)' or at 'C:\Users\C00217112\Desktop\DylanCurranRoss-MiniProject\miniProject1DylanCurran\Debug\yaml-cpp static md.pdb'; linking object as if no debug info
libyaml-cppmdd.lib(null.obj) : warning LNK4099: PDB 'yaml-cpp static md.pdb' was not found with 'libyaml-cppmdd.lib(null.obj)' or at 'C:\Users\C00217112\Desktop\DylanCurranRoss-MiniProject\miniProject1DylanCurran\Debug\yaml-cpp static md.pdb'; linking object as if no debug info
libyaml-cppmdd.lib(parse.obj) : warning LNK4099: PDB 'yaml-cpp static md.pdb' was not found with 'libyaml-cppmdd.lib(parse.obj)' or at 'C:\Users\C00217112\Desktop\DylanCurranRoss-MiniProject\miniProject1DylanCurran\Debug\yaml-cpp static md.pdb'; linking object as if no debug info
libyaml-cppmdd.lib(parser.obj) : warning LNK4099: PDB 'yaml-cpp static md.pdb' was not found with 'libyaml-cppmdd.lib(parser.obj)' or at 'C:\Users\C00217112\Desktop\DylanCurranRoss-MiniProject\miniProject1DylanCurran\Debug\yaml-cpp static md.pdb'; linking object as if no debug info
libyaml-cppmdd.lib(regex_yaml.obj) : warning LNK4099: PDB 'yaml-cpp static md.pdb' was not found with 'libyaml-cppmdd.lib(regex_yaml.obj)' or at 'C:\Users\C00217112\Desktop\DylanCurranRoss-MiniProject\miniProject1DylanCurran\Debug\yaml-cpp static md.pdb'; linking object as if no debug info
libyaml-cppmdd.lib(scanner.obj) : warning LNK4099: PDB 'yaml-cpp static md.pdb' was not found with 'libyaml-cppmdd.lib(scanner.obj)' or at 'C:\Users\C00217112\Desktop\DylanCurranRoss-MiniProject\miniProject1DylanCurran\Debug\yaml-cpp static md.pdb'; linking object as if no debug info
libyaml-cppmdd.lib(scanscalar.obj) : warning LNK4099: PDB 'yaml-cpp static md.pdb' was not found with 'libyaml-cppmdd.lib(scanscalar.obj)' or at 'C:\Users\C00217112\Desktop\DylanCurranRoss-MiniProject\miniProject1DylanCurran\Debug\yaml-cpp static md.pdb'; linking object as if no debug info
libyaml-cppmdd.lib(scantag.obj) : warning LNK4099: PDB 'yaml-cpp static md.pdb' was not found with 'libyaml-cppmdd.lib(scantag.obj)' or at 'C:\Users\C00217112\Desktop\DylanCurranRoss-MiniProject\miniProject1DylanCurran\Debug\yaml-cpp static md.pdb'; linking object as if no debug info
libyaml-cppmdd.lib(scantoken.obj) : warning LNK4099: PDB 'yaml-cpp static md.pdb' was not found with 'libyaml-cppmdd.lib(scantoken.obj)' or at 'C:\Users\C00217112\Desktop\DylanCurranRoss-MiniProject\miniProject1DylanCurran\Debug\yaml-cpp static md.pdb'; linking object as if no debug info
libyaml-cppmdd.lib(simplekey.obj) : warning LNK4099: PDB 'yaml-cpp static md.pdb' was not found with 'libyaml-cppmdd.lib(simplekey.obj)' or at 'C:\Users\C00217112\Desktop\DylanCurranRoss-MiniProject\miniProject1DylanCurran\Debug\yaml-cpp static md.pdb'; linking object as if no debug info
libyaml-cppmdd.lib(singledocparser.obj) : warning LNK4099: PDB 'yaml-cpp static md.pdb' was not found with 'libyaml-cppmdd.lib(singledocparser.obj)' or at 'C:\Users\C00217112\Desktop\DylanCurranRoss-MiniProject\miniProject1DylanCurran\Debug\yaml-cpp static md.pdb'; linking object as if no debug info
libyaml-cppmdd.lib(stream.obj) : warning LNK4099: PDB 'yaml-cpp static md.pdb' was not found with 'libyaml-cppmdd.lib(stream.obj)' or at 'C:\Users\C00217112\Desktop\DylanCurranRoss-MiniProject\miniProject1DylanCurran\Debug\yaml-cpp static md.pdb'; linking object as if no debug info
libyaml-cppmdd.lib(tag.obj) : warning LNK4099: PDB 'yaml-cpp static md.pdb' was not found with 'libyaml-cppmdd.lib(tag.obj)' or at 'C:\Users\C00217112\Desktop\DylanCurranRoss-MiniProject\miniProject1DylanCurran\Debug\yaml-cpp static md.pdb'; linking object as if no debug info
  miniProject1DylanCurran.vcxproj -> C:\Users\C00217112\Desktop\DylanCurranRoss-MiniProject\miniProject1DylanCurran\Debug\miniProject1DylanCurran.exe
  miniProject1DylanCurran.vcxproj -> C:\Users\C00217112\Desktop\DylanCurranRoss-MiniProject\miniProject1DylanCurran\Debug\miniProject1DylanCurran.pdb (Partial PDB)
